{"target": -21.721488298546056, "params": {"men_kappa_fulltime": 0.42510660141077217, "men_kappa_parttime": 0.5881297973768632, "women_kappa_fulltime": 0.30003431244520345, "women_kappa_parttime": 0.4209330290527359}, "datetime": {"datetime": "2020-09-25 00:25:06", "elapsed": 0.0, "delta": 0.0}}
{"target": -17.754658089656203, "params": {"men_kappa_fulltime": 0.3440267672451339, "men_kappa_parttime": 0.3369354379075191, "women_kappa_fulltime": 0.35587806341330125, "women_kappa_parttime": 0.4382242908172191}, "datetime": {"datetime": "2020-09-25 01:13:11", "elapsed": 2884.831256, "delta": 2884.831256}}
{"target": -22.73814052910733, "params": {"men_kappa_fulltime": 0.3023159567952363, "men_kappa_parttime": 0.36474437368507845, "women_kappa_fulltime": 0.5128107102509996, "women_kappa_parttime": 0.6058947435966404}, "datetime": {"datetime": "2020-09-25 01:59:58", "elapsed": 5692.1718, "delta": 2807.340544}}
{"target": -25.533337100643315, "params": {"men_kappa_fulltime": 0.43276719523663865, "men_kappa_parttime": 0.46538828317362674, "women_kappa_fulltime": 0.46434148373570117, "women_kappa_parttime": 0.5976806326300945}, "datetime": {"datetime": "2020-09-25 02:46:38", "elapsed": 8492.407516, "delta": 2800.235716}}
{"target": -26.208153775618516, "params": {"men_kappa_fulltime": 0.33160198653818473, "men_kappa_parttime": 0.31542994508632594, "women_kappa_fulltime": 0.32319450085057977, "women_kappa_parttime": 0.39576958685242586}, "datetime": {"datetime": "2020-09-25 03:33:18", "elapsed": 11292.334816, "delta": 2799.9273}}
{"target": -22.698490246237277, "params": {"men_kappa_fulltime": 0.30636188209578863, "men_kappa_parttime": 0.6231524958506884, "women_kappa_fulltime": 0.5894566623309565, "women_kappa_parttime": 0.5808292108974382}, "datetime": {"datetime": "2020-09-25 04:20:03", "elapsed": 14097.248257, "delta": 2804.913441}}
{"target": -26.91228728770141, "params": {"men_kappa_fulltime": 0.40932575747022854, "men_kappa_parttime": 0.30895924445342376, "women_kappa_fulltime": 0.3457243038590248, "women_kappa_parttime": 0.6886086095526011}, "datetime": {"datetime": "2020-09-25 05:06:50", "elapsed": 16904.518496, "delta": 2807.270239}}
{"target": -18.97397627700061, "params": {"men_kappa_fulltime": 0.598590062390559, "men_kappa_parttime": 0.4300690023530845, "women_kappa_fulltime": 0.5450597948968254, "women_kappa_parttime": 0.3178535828884071}, "datetime": {"datetime": "2020-09-25 05:53:27", "elapsed": 19701.469307, "delta": 2796.950811}}
{"target": -17.931196963602552, "params": {"men_kappa_fulltime": 0.5943693881935695, "men_kappa_parttime": 0.4081669313924289, "women_kappa_fulltime": 0.5426355054209304, "women_kappa_parttime": 0.47862373285153137}, "datetime": {"datetime": "2020-09-25 06:40:10", "elapsed": 22504.239063, "delta": 2802.769756}}
